<?xml version="1.0" encoding="UTF-8"?>
<testsuite xmlns:xsi="http://www.w3.org/2001/XMLSchema-instance" xsi:noNamespaceSchemaLocation="https://maven.apache.org/surefire/maven-surefire-plugin/xsd/surefire-test-report.xsd" name="TestSuite" time="41.583" tests="10" errors="0" skipped="0" failures="0">
  <properties>
[...]
</properties>
  <testcase name="testCase" classname="com.alg.test.executionengine.Executor" time="21.915"/>
  <testcase name="testCase" classname="com.alg.test.executionengine.Executor" time="17.249"/>
  <testcase name="testCase" classname="com.alg.test.executionengine.Executor" time="0.034"/>
  <testcase name="testCase" classname="com.alg.test.executionengine.Executor" time="0.06"/>
  <testcase name="testCase" classname="com.alg.test.executionengine.Executor" time="0.236"/>
  <testcase name="testCase" classname="com.alg.test.executionengine.Executor" time="0.034"/>
  <testcase name="testCase" classname="com.alg.test.executionengine.Executor" time="0.035"/>
  <testcase name="testCase" classname="com.alg.test.executionengine.Executor" time="0.037"/>
  <testcase name="testCase" classname="com.alg.test.executionengine.Executor" time="0.077"/>
  <testcase name="testCase" classname="com.alg.test.executionengine.Executor" time="0.026"/>
</testsuite>