<?xml version="1.0" encoding="UTF-8"?>
<testng-results skipped="0" failed="0" ignored="0" total="10" passed="10">
  <reporter-output>
  </reporter-output>
  <suite name="Regression" duration-ms="40578" started-at="2018-04-22T16:40:28Z" finished-at="2018-04-22T16:41:09Z">
    <groups>
    </groups>
    <test name="Test" duration-ms="40578" started-at="2018-04-22T16:40:28Z" finished-at="2018-04-22T16:41:09Z">
      <class name="com.alg.test.executionengine.Executor">
        <test-method status="PASS" signature="setUp()[pri:0, instance:com.alg.test.executionengine.Executor@1e67b872]" name="setUp" is-config="true" duration-ms="327" started-at="2018-04-22T12:40:28Z" finished-at="2018-04-22T12:40:28Z">
          <reporter-output>
          </reporter-output>
        </test-method> <!-- setUp -->
        <test-method status="PASS" signature="beforeClass()[pri:0, instance:com.alg.test.executionengine.Executor@1e67b872]" name="beforeClass" is-config="true" duration-ms="848" started-at="2018-04-22T12:40:28Z" finished-at="2018-04-22T12:40:29Z">
          <reporter-output>
          </reporter-output>
        </test-method> <!-- beforeClass -->
        <test-method status="PASS" signature="testCase(java.lang.String)[pri:0, instance:com.alg.test.executionengine.Executor@1e67b872]" name="testCase" duration-ms="21912" started-at="2018-04-22T12:40:29Z" data-provider="TestCases" finished-at="2018-04-22T12:40:51Z">
          <params>
            <param index="0">
              <value>
                <![CDATA[1]]>
              </value>
            </param>
          </params>
          <reporter-output>
          </reporter-output>
        </test-method> <!-- testCase -->
        <test-method status="PASS" signature="testCase(java.lang.String)[pri:0, instance:com.alg.test.executionengine.Executor@1e67b872]" name="testCase" duration-ms="17254" started-at="2018-04-22T12:40:51Z" data-provider="TestCases" finished-at="2018-04-22T12:41:08Z">
          <params>
            <param index="0">
              <value>
                <![CDATA[2]]>
              </value>
            </param>
          </params>
          <reporter-output>
          </reporter-output>
        </test-method> <!-- testCase -->
        <test-method status="PASS" signature="testCase(java.lang.String)[pri:0, instance:com.alg.test.executionengine.Executor@1e67b872]" name="testCase" duration-ms="9" started-at="2018-04-22T12:41:08Z" data-provider="TestCases" finished-at="2018-04-22T12:41:08Z">
          <params>
            <param index="0">
              <value>
                <![CDATA[3]]>
              </value>
            </param>
          </params>
          <reporter-output>
          </reporter-output>
        </test-method> <!-- testCase -->
        <test-method status="PASS" signature="testCase(java.lang.String)[pri:0, instance:com.alg.test.executionengine.Executor@1e67b872]" name="testCase" duration-ms="7" started-at="2018-04-22T12:41:08Z" data-provider="TestCases" finished-at="2018-04-22T12:41:08Z">
          <params>
            <param index="0">
              <value>
                <![CDATA[4]]>
              </value>
            </param>
          </params>
          <reporter-output>
          </reporter-output>
        </test-method> <!-- testCase -->
        <test-method status="PASS" signature="testCase(java.lang.String)[pri:0, instance:com.alg.test.executionengine.Executor@1e67b872]" name="testCase" duration-ms="4" started-at="2018-04-22T12:41:08Z" data-provider="TestCases" finished-at="2018-04-22T12:41:08Z">
          <params>
            <param index="0">
              <value>
                <![CDATA[5]]>
              </value>
            </param>
          </params>
          <reporter-output>
          </reporter-output>
        </test-method> <!-- testCase -->
        <test-method status="PASS" signature="testCase(java.lang.String)[pri:0, instance:com.alg.test.executionengine.Executor@1e67b872]" name="testCase" duration-ms="7" started-at="2018-04-22T12:41:08Z" data-provider="TestCases" finished-at="2018-04-22T12:41:08Z">
          <params>
            <param index="0">
              <value>
                <![CDATA[6]]>
              </value>
            </param>
          </params>
          <reporter-output>
          </reporter-output>
        </test-method> <!-- testCase -->
        <test-method status="PASS" signature="testCase(java.lang.String)[pri:0, instance:com.alg.test.executionengine.Executor@1e67b872]" name="testCase" duration-ms="6" started-at="2018-04-22T12:41:08Z" data-provider="TestCases" finished-at="2018-04-22T12:41:08Z">
          <params>
            <param index="0">
              <value>
                <![CDATA[7]]>
              </value>
            </param>
          </params>
          <reporter-output>
          </reporter-output>
        </test-method> <!-- testCase -->
        <test-method status="PASS" signature="testCase(java.lang.String)[pri:0, instance:com.alg.test.executionengine.Executor@1e67b872]" name="testCase" duration-ms="5" started-at="2018-04-22T12:41:08Z" data-provider="TestCases" finished-at="2018-04-22T12:41:08Z">
          <params>
            <param index="0">
              <value>
                <![CDATA[8]]>
              </value>
            </param>
          </params>
          <reporter-output>
          </reporter-output>
        </test-method> <!-- testCase -->
        <test-method status="PASS" signature="testCase(java.lang.String)[pri:0, instance:com.alg.test.executionengine.Executor@1e67b872]" name="testCase" duration-ms="4" started-at="2018-04-22T12:41:08Z" data-provider="TestCases" finished-at="2018-04-22T12:41:08Z">
          <params>
            <param index="0">
              <value>
                <![CDATA[9]]>
              </value>
            </param>
          </params>
          <reporter-output>
          </reporter-output>
        </test-method> <!-- testCase -->
        <test-method status="PASS" signature="testCase(java.lang.String)[pri:0, instance:com.alg.test.executionengine.Executor@1e67b872]" name="testCase" duration-ms="1" started-at="2018-04-22T12:41:08Z" data-provider="TestCases" finished-at="2018-04-22T12:41:08Z">
          <params>
            <param index="0">
              <value>
                <![CDATA[10]]>
              </value>
            </param>
          </params>
          <reporter-output>
          </reporter-output>
        </test-method> <!-- testCase -->
        <test-method status="PASS" signature="afterClass()[pri:0, instance:com.alg.test.executionengine.Executor@1e67b872]" name="afterClass" is-config="true" duration-ms="486" started-at="2018-04-22T12:41:08Z" finished-at="2018-04-22T12:41:09Z">
          <reporter-output>
          </reporter-output>
        </test-method> <!-- afterClass -->
        <test-method status="PASS" signature="tearDown()[pri:0, instance:com.alg.test.executionengine.Executor@1e67b872]" name="tearDown" is-config="true" duration-ms="1" started-at="2018-04-22T12:41:09Z" finished-at="2018-04-22T12:41:09Z">
          <reporter-output>
          </reporter-output>
        </test-method> <!-- tearDown -->
      </class> <!-- com.alg.test.executionengine.Executor -->
    </test> <!-- Test -->
  </suite> <!-- Regression -->
</testng-results>
